<?xml version="1.0" encoding="UTF-8"?>
<!-- Generated by org.testng.reporters.JUnitReportReporter -->
<testsuite skipped="0" hostname="kantharaj-PC" name="HMS_Project.workHMS" tests="1" failures="0" timestamp="2023-05-19T14:41:18 IST" time="17.220" errors="0">
  <testcase name="validLogin" time="17.220" classname="HMS_Project.workHMS"/>
  <system-out/>
</testsuite> <!-- HMS_Project.workHMS -->
