<?xml version="1.0" encoding="UTF-8"?>
<!-- Generated by org.testng.reporters.JUnitReportReporter -->
<testsuite skipped="0" hostname="kantharaj-PC" name="frameworkTestNG.PriorityCount" tests="3" failures="0" timestamp="2023-05-15T15:38:04 IST" time="0.018" errors="0">
  <testcase name="data3" time="0.014" classname="frameworkTestNG.PriorityCount"/>
  <system-out>
    <![CDATA[3]]>
  </system-out>
  <testcase name="data1" time="0.002" classname="frameworkTestNG.PriorityCount"/>
  <system-out>
    <![CDATA[1]]>
  </system-out>
  <testcase name="data2" time="0.002" classname="frameworkTestNG.PriorityCount"/>
  <system-out>
    <![CDATA[2]]>
  </system-out>
</testsuite> <!-- frameworkTestNG.PriorityCount -->
