<?xml version="1.0" encoding="UTF-8"?>
<!-- Generated by org.testng.reporters.JUnitReportReporter -->
<testsuite skipped="0" hostname="kantharaj-PC" name="frameworkTestNG.SecondTest" tests="2" failures="0" timestamp="2023-05-18T11:35:06 IST" time="0.021" errors="0">
  <testcase name="data1" time="0.018" classname="frameworkTestNG.SecondTest"/>
  <system-out>
    <![CDATA[1]]>
  </system-out>
  <testcase name="data2" time="0.003" classname="frameworkTestNG.SecondTest"/>
  <system-out>
    <![CDATA[2]]>
  </system-out>
</testsuite> <!-- frameworkTestNG.SecondTest -->
