<?xml version="1.0" encoding="UTF-8"?>
<!-- Generated by org.testng.reporters.JUnitReportReporter -->
<testsuite skipped="0" hostname="kantharaj-PC" name="frameworkTestNG.InvocatorWithoutPriority" tests="5" failures="0" timestamp="2023-05-15T15:53:33 IST" time="0.031" errors="0">
  <testcase name="data2" time="0.004" classname="frameworkTestNG.InvocatorWithoutPriority"/>
  <system-out>
    <![CDATA[2]]>
  </system-out>
  <testcase name="data1" time="0.005" classname="frameworkTestNG.InvocatorWithoutPriority"/>
  <system-out>
    <![CDATA[1]]>
  </system-out>
  <testcase name="data1" time="0.002" classname="frameworkTestNG.InvocatorWithoutPriority"/>
  <system-out>
    <![CDATA[1]]>
  </system-out>
  <testcase name="data1" time="0.017" classname="frameworkTestNG.InvocatorWithoutPriority"/>
  <system-out>
    <![CDATA[1]]>
  </system-out>
  <testcase name="data2" time="0.003" classname="frameworkTestNG.InvocatorWithoutPriority"/>
  <system-out>
    <![CDATA[2]]>
  </system-out>
</testsuite> <!-- frameworkTestNG.InvocatorWithoutPriority -->
