<?xml version="1.0" encoding="UTF-8"?>
<!-- Generated by org.testng.reporters.JUnitReportReporter -->
<testsuite skipped="0" hostname="kantharaj-PC" name="frameworkTestNG.FirstTest" tests="2" failures="0" timestamp="2023-05-18T11:41:30 IST" time="0.017" errors="0">
  <testcase name="data2" time="0.002" classname="frameworkTestNG.FirstTest"/>
  <system-out>
    <![CDATA[2]]>
  </system-out>
  <testcase name="data1" time="0.015" classname="frameworkTestNG.FirstTest"/>
  <system-out>
    <![CDATA[1]]>
  </system-out>
</testsuite> <!-- frameworkTestNG.FirstTest -->
