<?xml version="1.0" encoding="UTF-8"?>
<!-- Generated by org.testng.reporters.JUnitReportReporter -->
<testsuite skipped="0" hostname="kantharaj-PC" name="frameworkTestNG.Assertion.LoginScript" tests="1" failures="0" timestamp="2023-05-17T16:14:39 IST" time="10.012" errors="0">
  <testcase name="validLogin" time="10.012" classname="frameworkTestNG.Assertion.LoginScript"/>
  <system-out/>
</testsuite> <!-- frameworkTestNG.Assertion.LoginScript -->
