<?xml version="1.0" encoding="UTF-8"?>
<!-- Generated by org.testng.reporters.JUnitReportReporter -->
<testsuite skipped="0" hostname="kantharaj-PC" name="frameworkTestNG.Invocator" tests="6" failures="0" timestamp="2023-05-15T15:44:13 IST" time="0.025" errors="0">
  <testcase name="data3" time="0.012" classname="frameworkTestNG.Invocator"/>
  <system-out>
    <![CDATA[3]]>
  </system-out>
  <testcase name="data1" time="0.003" classname="frameworkTestNG.Invocator"/>
  <system-out>
    <![CDATA[1]]>
  </system-out>
  <testcase name="data1" time="0.003" classname="frameworkTestNG.Invocator"/>
  <system-out>
    <![CDATA[1]]>
  </system-out>
  <testcase name="data1" time="0.003" classname="frameworkTestNG.Invocator"/>
  <system-out>
    <![CDATA[1]]>
  </system-out>
  <testcase name="data2" time="0.002" classname="frameworkTestNG.Invocator"/>
  <system-out>
    <![CDATA[2]]>
  </system-out>
  <testcase name="data2" time="0.002" classname="frameworkTestNG.Invocator"/>
  <system-out>
    <![CDATA[2]]>
  </system-out>
</testsuite> <!-- frameworkTestNG.Invocator -->
