<?xml version="1.0" encoding="UTF-8"?>
<!-- Generated by org.testng.reporters.JUnitReportReporter -->
<testsuite skipped="1" hostname="kantharaj-PC" name="frameworkTestNG.Enabler" tests="2" failures="0" timestamp="2023-05-15T15:58:00 IST" time="0.012" errors="0">
  <testcase name="data2" time="0.012" classname="frameworkTestNG.Enabler"/>
  <system-out>
    <![CDATA[2]]>
  </system-out>
  <testcase name="data1" classname="frameworkTestNG.Enabler">
    <skipped/>
  </testcase> <!-- data1 -->
  <system-out/>
</testsuite> <!-- frameworkTestNG.Enabler -->
