<?xml version="1.0" encoding="UTF-8"?>
<!-- Generated by org.testng.reporters.JUnitReportReporter -->
<testsuite skipped="0" hostname="kantharaj-PC" name="TestNG_Groups.grouper" tests="2" failures="0" timestamp="2023-05-19T15:25:18 IST" time="0.025" errors="0">
  <testcase name="test1" time="0.020" classname="TestNG_Groups.grouper"/>
  <system-out/>
  <testcase name="test2" time="0.005" classname="TestNG_Groups.grouper"/>
  <system-out/>
</testsuite> <!-- TestNG_Groups.grouper -->
